<?xml version="1.0" encoding="UTF-8"?>
<!-- Generated by org.testng.reporters.JUnitXMLReporter -->
<testsuite hostname="DEEP-1907221518" ignored="0" name="Test3" tests="90" failures="0" timestamp="18 九月 2019 11:10:37 GMT" time="637.704" errors="0">
  <testcase name="onlineExperience" time="1.313" classname="com.f.dianqingoa.testcase.Test001_OnlineExperience"/>
  <testcase name="logParameterSetting" time="5.962" classname="com.f.dianqingoa.testcase.Test002_Sidebar_WorkLogManagement"/>
  <testcase name="my_Job_LogEle" time="3.057" classname="com.f.dianqingoa.testcase.Test002_Sidebar_WorkLogManagement"/>
  <testcase name="otherPeoplesWorkLog" time="4.972" classname="com.f.dianqingoa.testcase.Test002_Sidebar_WorkLogManagement"/>
  <testcase name="workLogManagemen" time="1.587" classname="com.f.dianqingoa.testcase.Test002_Sidebar_WorkLogManagement"/>
  <testcase name="workflow_applicationLink" time="4.684" classname="com.f.dianqingoa.testcase.Test003_Sidebar_WorkFlowManagement"/>
  <testcase name="workflow_management" time="1.996" classname="com.f.dianqingoa.testcase.Test003_Sidebar_WorkFlowManagement"/>
  <testcase name="my_applicationLink" time="2.744" classname="com.f.dianqingoa.testcase.Test003_Sidebar_WorkFlowManagement"/>
  <testcase name="my_approvalLink" time="3.111" classname="com.f.dianqingoa.testcase.Test003_Sidebar_WorkFlowManagement"/>
  <testcase name="parameter_SettingsLink" time="1.533" classname="com.f.dianqingoa.testcase.Test003_Sidebar_WorkFlowManagement"/>
  <testcase name="process_managementLink" time="1.928" classname="com.f.dianqingoa.testcase.Test003_Sidebar_WorkFlowManagement"/>
  <testcase name="template_managementLink" time="2.86" classname="com.f.dianqingoa.testcase.Test003_Sidebar_WorkFlowManagement"/>
  <testcase name="workflow_already_doneLink" time="3.084" classname="com.f.dianqingoa.testcase.Test003_Sidebar_WorkFlowManagement"/>
  <testcase name="notification_and_Announcement_Management" time="4.038" classname="com.f.dianqingoa.testcase.Test004_Sidebar_NotificationAndAnnouncementManagemen"/>
  <testcase name="announcement_of_Notification" time="3.27" classname="com.f.dianqingoa.testcase.Test004_Sidebar_NotificationAndAnnouncementManagemen"/>
  <testcase name="browse_Notice_Bulletin" time="2.97" classname="com.f.dianqingoa.testcase.Test004_Sidebar_NotificationAndAnnouncementManagemen"/>
  <testcase name="management_of_Sign_and_Receive_Records" time="3.095" classname="com.f.dianqingoa.testcase.Test004_Sidebar_NotificationAndAnnouncementManagemen"/>
  <testcase name="notice_basic_Information_Settings" time="2.937" classname="com.f.dianqingoa.testcase.Test004_Sidebar_NotificationAndAnnouncementManagemen"/>
  <testcase name="my_address_book" time="3.36" classname="com.f.dianqingoa.testcase.Test005_Sidebar_MyAddressBook"/>
  <testcase name="external_Address_BookLink" time="1.687" classname="com.f.dianqingoa.testcase.Test005_Sidebar_MyAddressBook"/>
  <testcase name="personal_Address_BookLink" time="1.889" classname="com.f.dianqingoa.testcase.Test005_Sidebar_MyAddressBook"/>
  <testcase name="personal_Data_MaintenanceLink" time="1.756" classname="com.f.dianqingoa.testcase.Test005_Sidebar_MyAddressBook"/>
  <testcase name="unit_Address_BookLink" time="1.507" classname="com.f.dianqingoa.testcase.Test005_Sidebar_MyAddressBook"/>
  <testcase name="document_Receiving_and_Dispatching_Management" time="3.308" classname="com.f.dianqingoa.testcase.Test007_Sidebar_DocumentReceivingAndDispatchingManagement"/>
  <testcase name="acceptanceLink" time="1.449" classname="com.f.dianqingoa.testcase.Test007_Sidebar_DocumentReceivingAndDispatchingManagement"/>
  <testcase name="audit_of_Receiving_and_Sending_DocumentsLink" time="1.934" classname="com.f.dianqingoa.testcase.Test007_Sidebar_DocumentReceivingAndDispatchingManagement"/>
  <testcase name="document_Supervisory_OfficeLink" time="1.63" classname="com.f.dianqingoa.testcase.Test007_Sidebar_DocumentReceivingAndDispatchingManagement"/>
  <testcase name="document_basic_Information_SettingsLink" time="1.568" classname="com.f.dianqingoa.testcase.Test007_Sidebar_DocumentReceivingAndDispatchingManagement"/>
  <testcase name="draft_manuscriptgLink" time="2.428" classname="com.f.dianqingoa.testcase.Test007_Sidebar_DocumentReceivingAndDispatchingManagement"/>
  <testcase name="my_draftLink" time="1.577" classname="com.f.dianqingoa.testcase.Test007_Sidebar_DocumentReceivingAndDispatchingManagement"/>
  <testcase name="receiving_Papers_to_be_ProcessedLink" time="1.469" classname="com.f.dianqingoa.testcase.Test007_Sidebar_DocumentReceivingAndDispatchingManagement"/>
  <testcase name="view_official_documentsLink" time="1.471" classname="com.f.dianqingoa.testcase.Test007_Sidebar_DocumentReceivingAndDispatchingManagement"/>
  <testcase name="work_report_management" time="2.88" classname="com.f.dianqingoa.testcase.Test008_Sidebar_WorkReportManagement"/>
  <testcase name="arrangement_of_work_reportsLink" time="2.356" classname="com.f.dianqingoa.testcase.Test008_Sidebar_WorkReportManagement"/>
  <testcase name="work_report_trackingLink" time="1.5" classname="com.f.dianqingoa.testcase.Test008_Sidebar_WorkReportManagement"/>
  <testcase name="work_plan_management" time="3.475" classname="com.f.dianqingoa.testcase.Test009_Sidebar_WorkPlanManagement"/>
  <testcase name="arrange_a_new_work_planLink" time="3.291" classname="com.f.dianqingoa.testcase.Test009_Sidebar_WorkPlanManagement"/>
  <testcase name="browse_through_existing_work_plansLink" time="2.551" classname="com.f.dianqingoa.testcase.Test009_Sidebar_WorkPlanManagement"/>
  <testcase name="maintenance_of_Work_Plan_CategoryLink" time="1.563" classname="com.f.dianqingoa.testcase.Test009_Sidebar_WorkPlanManagement"/>
  <testcase name="improving_Proposal_Management" time="3.13" classname="com.f.dianqingoa.testcase.Test010_Sidebar_ImprovingProposalManagement"/>
  <testcase name="i_want_to_submit_a_proposalLink" time="2.151" classname="com.f.dianqingoa.testcase.Test010_Sidebar_ImprovingProposalManagement"/>
  <testcase name="proposal_Browsing_and_FeedbackLink" time="2.235" classname="com.f.dianqingoa.testcase.Test010_Sidebar_ImprovingProposalManagement"/>
  <testcase name="project_tracking_management" time="3.028" classname="com.f.dianqingoa.testcase.Test011_Sidebar_ProjectTrackingManagement"/>
  <testcase name="additional_projectsLink" time="1.974" classname="com.f.dianqingoa.testcase.Test011_Sidebar_ProjectTrackingManagement"/>
  <testcase name="maintenance_of_Project_Progress_NameLink" time="1.573" classname="com.f.dianqingoa.testcase.Test011_Sidebar_ProjectTrackingManagement"/>
  <testcase name="periodic_project_trackingLink" time="1.655" classname="com.f.dianqingoa.testcase.Test011_Sidebar_ProjectTrackingManagement"/>
  <testcase name="project_Category_Name_MaintenanceLink" time="1.506" classname="com.f.dianqingoa.testcase.Test011_Sidebar_ProjectTrackingManagement"/>
  <testcase name="unit_Meeting_Management" time="3.005" classname="com.f.dianqingoa.testcase.Test012_Sidebar_UnitMeetingManagement"/>
  <testcase name="added_minutes_of_the_meetingLink" time="2.123" classname="com.f.dianqingoa.testcase.Test012_Sidebar_UnitMeetingManagement"/>
  <testcase name="browse_the_minutes_of_the_meetingLink" time="1.671" classname="com.f.dianqingoa.testcase.Test012_Sidebar_UnitMeetingManagement"/>
  <testcase name="press_conference_announcementLink" time="2.145" classname="com.f.dianqingoa.testcase.Test012_Sidebar_UnitMeetingManagement"/>
  <testcase name="unit_News_Management" time="3.032" classname="com.f.dianqingoa.testcase.Test013_Sidebar_UnitNewsManagement"/>
  <testcase name="browse_the_newsLink" time="1.977" classname="com.f.dianqingoa.testcase.Test013_Sidebar_UnitNewsManagement"/>
  <testcase name="publish_newsLink" time="2.139" classname="com.f.dianqingoa.testcase.Test013_Sidebar_UnitNewsManagement"/>
  <testcase name="work_contact_sheet" time="3.448" classname="com.f.dianqingoa.testcase.Test014_Sidebar_WorkContactSheet"/>
  <testcase name="audit_contact_sheetLink" time="1.479" classname="com.f.dianqingoa.testcase.Test014_Sidebar_WorkContactSheet"/>
  <testcase name="browse_contact_sheetsLink" time="1.698" classname="com.f.dianqingoa.testcase.Test014_Sidebar_WorkContactSheet"/>
  <testcase name="management_contact_sheetLink" time="1.555" classname="com.f.dianqingoa.testcase.Test014_Sidebar_WorkContactSheet"/>
  <testcase name="send_Contact_FormLink" time="2.021" classname="com.f.dianqingoa.testcase.Test014_Sidebar_WorkContactSheet"/>
  <testcase name="personal_Memorandum" time="3.002" classname="com.f.dianqingoa.testcase.Test015_Sidebar_PartyMembersWorld"/>
  <testcase name="additional_memorandumLink" time="3.116" classname="com.f.dianqingoa.testcase.Test015_Sidebar_PartyMembersWorld"/>
  <testcase name="browse_the_MemorandumLink" time="1.391" classname="com.f.dianqingoa.testcase.Test015_Sidebar_PartyMembersWorld"/>
  <testcase name="party_members_world" time="3.081" classname="com.f.dianqingoa.testcase.Test016_Sidebar_PersonalMemorandum"/>
  <testcase name="information_Introduction_of_Party_MembersLink" time="1.769" classname="com.f.dianqingoa.testcase.Test016_Sidebar_PersonalMemorandum"/>
  <testcase name="openness_of_Party_Affairs_InformationLink" time="1.652" classname="com.f.dianqingoa.testcase.Test016_Sidebar_PersonalMemorandum"/>
  <testcase name="MIS_Information_Communication" time="17.562" classname="com.f.dianqingoa.testcase.Test018_Sidebar_MISInformationCommunication"/>
  <testcase name="dianqings_Way_of_Management" time="3.82" classname="com.f.dianqingoa.testcase.Test020_WinSidebar_DianqingMISInformationCommunication_Experience"/>
  <testcase name="winLeft_MIS_Information_Communication" time="0.256" classname="com.f.dianqingoa.testcase.Test020_WinSidebar_DianqingMISInformationCommunication_Experience"/>
  <testcase name="winMain_Experience_Start1" time="1.393" classname="com.f.dianqingoa.testcase.Test020_WinSidebar_DianqingMISInformationCommunication_Experience"/>
  <testcase name="winLeft_Invoicing_management_system" time="3.692" classname="com.f.dianqingoa.testcase.Test021_WinSidebar_DianqingInvoicingManagementSystem_Experience"/>
  <testcase name="winMain_Experience_Start2" time="6.509" classname="com.f.dianqingoa.testcase.Test021_WinSidebar_DianqingInvoicingManagementSystem_Experience"/>
  <testcase name="winLeft_Customer_Management_System" time="4.318" classname="com.f.dianqingoa.testcase.Test022_WinSidebar_DianqingCRMCustomerManagementSystem_Experience"/>
  <testcase name="winMain_Experience_Start3" time="6.025" classname="com.f.dianqingoa.testcase.Test022_WinSidebar_DianqingCRMCustomerManagementSystem_Experience"/>
  <testcase name="winLeft_Solution_of_full_attendance" time="4.526" classname="com.f.dianqingoa.testcase.Test023_WinSidebar_DianqingAllStaffAttendance_Experience"/>
  <testcase name="winMain_Experience_Start4" time="5.259" classname="com.f.dianqingoa.testcase.Test023_WinSidebar_DianqingAllStaffAttendance_Experience"/>
  <testcase name="winLeft_Warehouse_Management_System" time="4.251" classname="com.f.dianqingoa.testcase.Test024_WinSidebar_DianqingWMSWarehouseManagementSystem_Experience"/>
  <testcase name="winMain_Experience_Start5" time="7.369" classname="com.f.dianqingoa.testcase.Test024_WinSidebar_DianqingWMSWarehouseManagementSystem_Experience"/>
  <testcase name="winLeft_Wechat_Distribution_System" time="4.339" classname="com.f.dianqingoa.testcase.Test025_WinSidebar_DianqingDRPWechatDistributionSystem_Experience"/>
  <testcase name="winMain_Experience_Start6" time="5.804" classname="com.f.dianqingoa.testcase.Test025_WinSidebar_DianqingDRPWechatDistributionSystem_Experience"/>
  <testcase name="winLeft_Budget_reimbursement_system" time="3.976" classname="com.f.dianqingoa.testcase.Test026_WinSidebar_DianqingEBRBudgetReimbursementSystem_Experience"/>
  <testcase name="winMain_Experience_Start7" time="4.877" classname="com.f.dianqingoa.testcase.Test026_WinSidebar_DianqingEBRBudgetReimbursementSystem_Experience"/>
  <testcase name="winLeft_Intranet_Communication_Scheme" time="4.814" classname="com.f.dianqingoa.testcase.Test027_WinSidebar_DianqingInetIntranetCommunicationScheme_Experience"/>
  <testcase name="winMain_Experience_Start8" time="2.461" classname="com.f.dianqingoa.testcase.Test027_WinSidebar_DianqingInetIntranetCommunicationScheme_Experience"/>
  <testcase name="winLeft_Port_Management_System" time="4.225" classname="com.f.dianqingoa.testcase.Test028_WinSidebar_DianqingPMSPortManagementSystem_Experience"/>
  <testcase name="winMain_Experience_Start9" time="6.532" classname="com.f.dianqingoa.testcase.Test028_WinSidebar_DianqingPMSPortManagementSystem_Experience"/>
  <testcase name="winLeft_Enterprise_Management_System" time="5.022" classname="com.f.dianqingoa.testcase.Test029_WinSidebar_DianqingERPEnterpriseManagementSystem_Experience"/>
  <testcase name="winMain_Experience_Start10" time="14.137" classname="com.f.dianqingoa.testcase.Test029_WinSidebar_DianqingERPEnterpriseManagementSystem_Experience"/>
  <testcase name="winLeft_Die_cutting_ERP_Management_System" time="3.793" classname="com.f.dianqingoa.testcase.Test030_WinSidebar_DianqingDiecuttingERPManagementSystem_Experience"/>
  <testcase name="winMain_Experience_Start11" time="8.499" classname="com.f.dianqingoa.testcase.Test030_WinSidebar_DianqingDiecuttingERPManagementSystem_Experience"/>
  <testcase name="ReleaseNews" time="20.589" classname="com.f.dianqingoa.testcase.Test031_SendNews"/>
</testsuite> <!-- Test3 -->
