<?xml version="1.0" encoding="UTF-8"?>
<testsuite xmlns:xsi="http://www.w3.org/2001/XMLSchema-instance" xsi:noNamespaceSchemaLocation="https://maven.apache.org/surefire/maven-surefire-plugin/xsd/surefire-test-report.xsd" name="TestSuite" time="639.127" tests="90" errors="0" skipped="0" failures="0">
  <properties>
[...]
</properties>
  <testcase name="onlineExperience" classname="com.f.dianqingoa.testcase.Test001_OnlineExperience" time="1.316"/>
  <testcase name="logParameterSetting" classname="com.f.dianqingoa.testcase.Test002_Sidebar_WorkLogManagement" time="5.961"/>
  <testcase name="my_Job_LogEle" classname="com.f.dianqingoa.testcase.Test002_Sidebar_WorkLogManagement" time="3.057"/>
  <testcase name="otherPeoplesWorkLog" classname="com.f.dianqingoa.testcase.Test002_Sidebar_WorkLogManagement" time="4.972"/>
  <testcase name="workLogManagemen" classname="com.f.dianqingoa.testcase.Test002_Sidebar_WorkLogManagement" time="1.587"/>
  <testcase name="workflow_applicationLink" classname="com.f.dianqingoa.testcase.Test003_Sidebar_WorkFlowManagement" time="4.684"/>
  <testcase name="workflow_management" classname="com.f.dianqingoa.testcase.Test003_Sidebar_WorkFlowManagement" time="1.996"/>
  <testcase name="my_applicationLink" classname="com.f.dianqingoa.testcase.Test003_Sidebar_WorkFlowManagement" time="2.745"/>
  <testcase name="my_approvalLink" classname="com.f.dianqingoa.testcase.Test003_Sidebar_WorkFlowManagement" time="3.11"/>
  <testcase name="parameter_SettingsLink" classname="com.f.dianqingoa.testcase.Test003_Sidebar_WorkFlowManagement" time="1.533"/>
  <testcase name="process_managementLink" classname="com.f.dianqingoa.testcase.Test003_Sidebar_WorkFlowManagement" time="1.928"/>
  <testcase name="template_managementLink" classname="com.f.dianqingoa.testcase.Test003_Sidebar_WorkFlowManagement" time="2.86"/>
  <testcase name="workflow_already_doneLink" classname="com.f.dianqingoa.testcase.Test003_Sidebar_WorkFlowManagement" time="3.083"/>
  <testcase name="notification_and_Announcement_Management" classname="com.f.dianqingoa.testcase.Test004_Sidebar_NotificationAndAnnouncementManagemen" time="4.038"/>
  <testcase name="announcement_of_Notification" classname="com.f.dianqingoa.testcase.Test004_Sidebar_NotificationAndAnnouncementManagemen" time="3.27"/>
  <testcase name="browse_Notice_Bulletin" classname="com.f.dianqingoa.testcase.Test004_Sidebar_NotificationAndAnnouncementManagemen" time="2.97"/>
  <testcase name="management_of_Sign_and_Receive_Records" classname="com.f.dianqingoa.testcase.Test004_Sidebar_NotificationAndAnnouncementManagemen" time="3.093"/>
  <testcase name="notice_basic_Information_Settings" classname="com.f.dianqingoa.testcase.Test004_Sidebar_NotificationAndAnnouncementManagemen" time="2.938"/>
  <testcase name="my_address_book" classname="com.f.dianqingoa.testcase.Test005_Sidebar_MyAddressBook" time="3.361"/>
  <testcase name="external_Address_BookLink" classname="com.f.dianqingoa.testcase.Test005_Sidebar_MyAddressBook" time="1.687"/>
  <testcase name="personal_Address_BookLink" classname="com.f.dianqingoa.testcase.Test005_Sidebar_MyAddressBook" time="1.889"/>
  <testcase name="personal_Data_MaintenanceLink" classname="com.f.dianqingoa.testcase.Test005_Sidebar_MyAddressBook" time="1.755"/>
  <testcase name="unit_Address_BookLink" classname="com.f.dianqingoa.testcase.Test005_Sidebar_MyAddressBook" time="1.507"/>
  <testcase name="document_Receiving_and_Dispatching_Management" classname="com.f.dianqingoa.testcase.Test007_Sidebar_DocumentReceivingAndDispatchingManagement" time="3.308"/>
  <testcase name="acceptanceLink" classname="com.f.dianqingoa.testcase.Test007_Sidebar_DocumentReceivingAndDispatchingManagement" time="1.45"/>
  <testcase name="audit_of_Receiving_and_Sending_DocumentsLink" classname="com.f.dianqingoa.testcase.Test007_Sidebar_DocumentReceivingAndDispatchingManagement" time="1.935"/>
  <testcase name="document_Supervisory_OfficeLink" classname="com.f.dianqingoa.testcase.Test007_Sidebar_DocumentReceivingAndDispatchingManagement" time="1.63"/>
  <testcase name="document_basic_Information_SettingsLink" classname="com.f.dianqingoa.testcase.Test007_Sidebar_DocumentReceivingAndDispatchingManagement" time="1.568"/>
  <testcase name="draft_manuscriptgLink" classname="com.f.dianqingoa.testcase.Test007_Sidebar_DocumentReceivingAndDispatchingManagement" time="2.428"/>
  <testcase name="my_draftLink" classname="com.f.dianqingoa.testcase.Test007_Sidebar_DocumentReceivingAndDispatchingManagement" time="1.578"/>
  <testcase name="receiving_Papers_to_be_ProcessedLink" classname="com.f.dianqingoa.testcase.Test007_Sidebar_DocumentReceivingAndDispatchingManagement" time="1.469"/>
  <testcase name="view_official_documentsLink" classname="com.f.dianqingoa.testcase.Test007_Sidebar_DocumentReceivingAndDispatchingManagement" time="1.47"/>
  <testcase name="work_report_management" classname="com.f.dianqingoa.testcase.Test008_Sidebar_WorkReportManagement" time="2.881"/>
  <testcase name="arrangement_of_work_reportsLink" classname="com.f.dianqingoa.testcase.Test008_Sidebar_WorkReportManagement" time="2.356"/>
  <testcase name="work_report_trackingLink" classname="com.f.dianqingoa.testcase.Test008_Sidebar_WorkReportManagement" time="1.5"/>
  <testcase name="work_plan_management" classname="com.f.dianqingoa.testcase.Test009_Sidebar_WorkPlanManagement" time="3.475"/>
  <testcase name="arrange_a_new_work_planLink" classname="com.f.dianqingoa.testcase.Test009_Sidebar_WorkPlanManagement" time="3.291"/>
  <testcase name="browse_through_existing_work_plansLink" classname="com.f.dianqingoa.testcase.Test009_Sidebar_WorkPlanManagement" time="2.551"/>
  <testcase name="maintenance_of_Work_Plan_CategoryLink" classname="com.f.dianqingoa.testcase.Test009_Sidebar_WorkPlanManagement" time="1.563"/>
  <testcase name="improving_Proposal_Management" classname="com.f.dianqingoa.testcase.Test010_Sidebar_ImprovingProposalManagement" time="3.13"/>
  <testcase name="i_want_to_submit_a_proposalLink" classname="com.f.dianqingoa.testcase.Test010_Sidebar_ImprovingProposalManagement" time="2.151"/>
  <testcase name="proposal_Browsing_and_FeedbackLink" classname="com.f.dianqingoa.testcase.Test010_Sidebar_ImprovingProposalManagement" time="2.237"/>
  <testcase name="project_tracking_management" classname="com.f.dianqingoa.testcase.Test011_Sidebar_ProjectTrackingManagement" time="3.028"/>
  <testcase name="additional_projectsLink" classname="com.f.dianqingoa.testcase.Test011_Sidebar_ProjectTrackingManagement" time="1.973"/>
  <testcase name="maintenance_of_Project_Progress_NameLink" classname="com.f.dianqingoa.testcase.Test011_Sidebar_ProjectTrackingManagement" time="1.573"/>
  <testcase name="periodic_project_trackingLink" classname="com.f.dianqingoa.testcase.Test011_Sidebar_ProjectTrackingManagement" time="1.655"/>
  <testcase name="project_Category_Name_MaintenanceLink" classname="com.f.dianqingoa.testcase.Test011_Sidebar_ProjectTrackingManagement" time="1.506"/>
  <testcase name="unit_Meeting_Management" classname="com.f.dianqingoa.testcase.Test012_Sidebar_UnitMeetingManagement" time="3.006"/>
  <testcase name="added_minutes_of_the_meetingLink" classname="com.f.dianqingoa.testcase.Test012_Sidebar_UnitMeetingManagement" time="2.118"/>
  <testcase name="browse_the_minutes_of_the_meetingLink" classname="com.f.dianqingoa.testcase.Test012_Sidebar_UnitMeetingManagement" time="1.67"/>
  <testcase name="press_conference_announcementLink" classname="com.f.dianqingoa.testcase.Test012_Sidebar_UnitMeetingManagement" time="2.145"/>
  <testcase name="unit_News_Management" classname="com.f.dianqingoa.testcase.Test013_Sidebar_UnitNewsManagement" time="3.031"/>
  <testcase name="browse_the_newsLink" classname="com.f.dianqingoa.testcase.Test013_Sidebar_UnitNewsManagement" time="1.977"/>
  <testcase name="publish_newsLink" classname="com.f.dianqingoa.testcase.Test013_Sidebar_UnitNewsManagement" time="2.139"/>
  <testcase name="work_contact_sheet" classname="com.f.dianqingoa.testcase.Test014_Sidebar_WorkContactSheet" time="3.448"/>
  <testcase name="audit_contact_sheetLink" classname="com.f.dianqingoa.testcase.Test014_Sidebar_WorkContactSheet" time="1.479"/>
  <testcase name="browse_contact_sheetsLink" classname="com.f.dianqingoa.testcase.Test014_Sidebar_WorkContactSheet" time="1.698"/>
  <testcase name="management_contact_sheetLink" classname="com.f.dianqingoa.testcase.Test014_Sidebar_WorkContactSheet" time="1.554"/>
  <testcase name="send_Contact_FormLink" classname="com.f.dianqingoa.testcase.Test014_Sidebar_WorkContactSheet" time="2.021"/>
  <testcase name="personal_Memorandum" classname="com.f.dianqingoa.testcase.Test015_Sidebar_PartyMembersWorld" time="3.005"/>
  <testcase name="additional_memorandumLink" classname="com.f.dianqingoa.testcase.Test015_Sidebar_PartyMembersWorld" time="3.117"/>
  <testcase name="browse_the_MemorandumLink" classname="com.f.dianqingoa.testcase.Test015_Sidebar_PartyMembersWorld" time="1.392"/>
  <testcase name="party_members_world" classname="com.f.dianqingoa.testcase.Test016_Sidebar_PersonalMemorandum" time="3.081"/>
  <testcase name="information_Introduction_of_Party_MembersLink" classname="com.f.dianqingoa.testcase.Test016_Sidebar_PersonalMemorandum" time="1.771"/>
  <testcase name="openness_of_Party_Affairs_InformationLink" classname="com.f.dianqingoa.testcase.Test016_Sidebar_PersonalMemorandum" time="1.652"/>
  <testcase name="MIS_Information_Communication" classname="com.f.dianqingoa.testcase.Test018_Sidebar_MISInformationCommunication" time="17.56"/>
  <testcase name="dianqings_Way_of_Management" classname="com.f.dianqingoa.testcase.Test020_WinSidebar_DianqingMISInformationCommunication_Experience" time="3.821"/>
  <testcase name="winLeft_MIS_Information_Communication" classname="com.f.dianqingoa.testcase.Test020_WinSidebar_DianqingMISInformationCommunication_Experience" time="0.257"/>
  <testcase name="winMain_Experience_Start1" classname="com.f.dianqingoa.testcase.Test020_WinSidebar_DianqingMISInformationCommunication_Experience" time="1.393"/>
  <testcase name="winLeft_Invoicing_management_system" classname="com.f.dianqingoa.testcase.Test021_WinSidebar_DianqingInvoicingManagementSystem_Experience" time="3.693"/>
  <testcase name="winMain_Experience_Start2" classname="com.f.dianqingoa.testcase.Test021_WinSidebar_DianqingInvoicingManagementSystem_Experience" time="6.51"/>
  <testcase name="winLeft_Customer_Management_System" classname="com.f.dianqingoa.testcase.Test022_WinSidebar_DianqingCRMCustomerManagementSystem_Experience" time="4.317"/>
  <testcase name="winMain_Experience_Start3" classname="com.f.dianqingoa.testcase.Test022_WinSidebar_DianqingCRMCustomerManagementSystem_Experience" time="6.024"/>
  <testcase name="winLeft_Solution_of_full_attendance" classname="com.f.dianqingoa.testcase.Test023_WinSidebar_DianqingAllStaffAttendance_Experience" time="4.526"/>
  <testcase name="winMain_Experience_Start4" classname="com.f.dianqingoa.testcase.Test023_WinSidebar_DianqingAllStaffAttendance_Experience" time="5.259"/>
  <testcase name="winLeft_Warehouse_Management_System" classname="com.f.dianqingoa.testcase.Test024_WinSidebar_DianqingWMSWarehouseManagementSystem_Experience" time="4.252"/>
  <testcase name="winMain_Experience_Start5" classname="com.f.dianqingoa.testcase.Test024_WinSidebar_DianqingWMSWarehouseManagementSystem_Experience" time="7.369"/>
  <testcase name="winLeft_Wechat_Distribution_System" classname="com.f.dianqingoa.testcase.Test025_WinSidebar_DianqingDRPWechatDistributionSystem_Experience" time="4.339"/>
  <testcase name="winMain_Experience_Start6" classname="com.f.dianqingoa.testcase.Test025_WinSidebar_DianqingDRPWechatDistributionSystem_Experience" time="5.803"/>
  <testcase name="winLeft_Budget_reimbursement_system" classname="com.f.dianqingoa.testcase.Test026_WinSidebar_DianqingEBRBudgetReimbursementSystem_Experience" time="3.977"/>
  <testcase name="winMain_Experience_Start7" classname="com.f.dianqingoa.testcase.Test026_WinSidebar_DianqingEBRBudgetReimbursementSystem_Experience" time="4.877"/>
  <testcase name="winLeft_Intranet_Communication_Scheme" classname="com.f.dianqingoa.testcase.Test027_WinSidebar_DianqingInetIntranetCommunicationScheme_Experience" time="4.814"/>
  <testcase name="winMain_Experience_Start8" classname="com.f.dianqingoa.testcase.Test027_WinSidebar_DianqingInetIntranetCommunicationScheme_Experience" time="2.461"/>
  <testcase name="winLeft_Port_Management_System" classname="com.f.dianqingoa.testcase.Test028_WinSidebar_DianqingPMSPortManagementSystem_Experience" time="4.225"/>
  <testcase name="winMain_Experience_Start9" classname="com.f.dianqingoa.testcase.Test028_WinSidebar_DianqingPMSPortManagementSystem_Experience" time="6.532"/>
  <testcase name="winLeft_Enterprise_Management_System" classname="com.f.dianqingoa.testcase.Test029_WinSidebar_DianqingERPEnterpriseManagementSystem_Experience" time="5.021"/>
  <testcase name="winMain_Experience_Start10" classname="com.f.dianqingoa.testcase.Test029_WinSidebar_DianqingERPEnterpriseManagementSystem_Experience" time="14.136"/>
  <testcase name="winLeft_Die_cutting_ERP_Management_System" classname="com.f.dianqingoa.testcase.Test030_WinSidebar_DianqingDiecuttingERPManagementSystem_Experience" time="3.791"/>
  <testcase name="winMain_Experience_Start11" classname="com.f.dianqingoa.testcase.Test030_WinSidebar_DianqingDiecuttingERPManagementSystem_Experience" time="8.499"/>
  <testcase name="ReleaseNews" classname="com.f.dianqingoa.testcase.Test031_SendNews" time="20.589"/>
</testsuite>